<?xml version="1.0" encoding="UTF-8"?>
<testsuite xmlns:xsi="http://www.w3.org/2001/XMLSchema-instance" xsi:noNamespaceSchemaLocation="https://maven.apache.org/surefire/maven-surefire-plugin/xsd/surefire-test-report.xsd" name="PosterManagerTest" time="0.036" tests="4" errors="0" skipped="0" failures="0">
  <properties>
[...]
</properties>
  <testcase name="getAll" classname="PosterManagerTest" time="0.028"/>
  <testcase name="getLastWithQuantityLessThanInList" classname="PosterManagerTest" time="0"/>
  <testcase name="getLastWithQuantityMoreThanInList" classname="PosterManagerTest" time="0"/>
  <testcase name="getLastAmount" classname="PosterManagerTest" time="0.001"/>
</testsuite>